<?xml version="1.0" encoding="utf-8"?><testsuites name="pytest tests"><testsuite name="pytest" errors="0" failures="0" skipped="0" tests="12" time="0.896" timestamp="2026-04-24T05:08:56.741016+00:00" hostname="agent-env-0f73298b-2489-40e1-b9bc-ca67edc62fc8"><testcase classname="backend.tests.backend_test.TestHealth" name="test_health_ok_email_not_configured" time="0.197" /><testcase classname="backend.tests.backend_test.TestJobs" name="test_list_jobs_returns_5_seeded" time="0.048" /><testcase classname="backend.tests.backend_test.TestJobs" name="test_get_job_by_id" time="0.048" /><testcase classname="backend.tests.backend_test.TestJobs" name="test_get_job_404" time="0.052" /><testcase classname="backend.tests.backend_test.TestApplications" name="test_post_application_success_without_resend_key" time="0.139" /><testcase classname="backend.tests.backend_test.TestApplications" name="test_post_application_invalid_email_422" time="0.057" /><testcase classname="backend.tests.backend_test.TestApplications" name="test_list_applications_for_seed" time="0.049" /><testcase classname="backend.tests.backend_test.TestContact" name="test_post_contact_success" time="0.046" /><testcase classname="backend.tests.backend_test.TestContact" name="test_list_contacts" time="0.045" /><testcase classname="backend.tests.backend_test.TestDashboard" name="test_dashboard_for_seed_candidate" time="0.054" /><testcase classname="backend.tests.backend_test.TestDashboard" name="test_candidate_profile_checklist" time="0.046" /><testcase classname="backend.tests.backend_test.TestDashboard" name="test_dashboard_unknown_email_404" time="0.048" /></testsuite></testsuites>