<?xml version="1.0" encoding="utf-8"?><testsuites name="pytest tests"><testsuite name="pytest" errors="0" failures="0" skipped="0" tests="12" time="1.013" timestamp="2026-04-24T04:18:49.590233+00:00" hostname="agent-env-0f73298b-2489-40e1-b9bc-ca67edc62fc8"><testcase classname="backend.tests.backend_test.TestHealth" name="test_health_ok_email_not_configured" time="0.243" /><testcase classname="backend.tests.backend_test.TestJobs" name="test_list_jobs_returns_5_seeded" time="0.090" /><testcase classname="backend.tests.backend_test.TestJobs" name="test_get_job_by_id" time="0.050" /><testcase classname="backend.tests.backend_test.TestJobs" name="test_get_job_404" time="0.049" /><testcase classname="backend.tests.backend_test.TestApplications" name="test_post_application_success_without_resend_key" time="0.157" /><testcase classname="backend.tests.backend_test.TestApplications" name="test_post_application_invalid_email_422" time="0.050" /><testcase classname="backend.tests.backend_test.TestApplications" name="test_list_applications_for_seed" time="0.062" /><testcase classname="backend.tests.backend_test.TestContact" name="test_post_contact_success" time="0.046" /><testcase classname="backend.tests.backend_test.TestContact" name="test_list_contacts" time="0.050" /><testcase classname="backend.tests.backend_test.TestDashboard" name="test_dashboard_for_seed_candidate" time="0.049" /><testcase classname="backend.tests.backend_test.TestDashboard" name="test_candidate_profile_checklist" time="0.047" /><testcase classname="backend.tests.backend_test.TestDashboard" name="test_dashboard_unknown_email_404" time="0.047" /></testsuite></testsuites>